gradleBuild/intermediates/manifest_merge_blame_file/debug/manifest-merger-blame-debug-report.txt
1<?xml version="1.0" encoding="utf-8"?>
2<manifest xmlns:android="http://schemas.android.com/apk/res/android"
3    package="org.tensorflow.demo" >
4
5    <uses-sdk
6        android:minSdkVersion="21"
6-->android/tfmobile/AndroidManifest.xml
7        android:targetSdkVersion="28" />
7-->[com.android.support.constraint:constraint-layout:2.0.0-beta2] AndroidManifest.xml:7:9-38
8
9    <uses-permission android:name="android.permission.CAMERA" />
9-->android/tfmobile/AndroidManifest.xml:6:5-65
9-->android/tfmobile/AndroidManifest.xml:6:22-62
10
11    <uses-feature android:name="android.hardware.camera" />
11-->android/tfmobile/AndroidManifest.xml:8:5-60
11-->android/tfmobile/AndroidManifest.xml:8:19-57
12    <uses-feature android:name="android.hardware.camera.autofocus" />
12-->android/tfmobile/AndroidManifest.xml:9:5-70
12-->android/tfmobile/AndroidManifest.xml:9:19-67
13
14    <uses-permission android:name="android.permission.WRITE_EXTERNAL_STORAGE" />
14-->android/tfmobile/AndroidManifest.xml:11:5-81
14-->android/tfmobile/AndroidManifest.xml:11:22-78
15    <uses-permission android:name="android.permission.READ_PHONE_STATE" />
16    <uses-permission android:name="android.permission.READ_EXTERNAL_STORAGE" />
17
18    <application
18-->android/tfmobile/AndroidManifest.xml:13:5-37:19
19        android:allowBackup="true"
19-->android/tfmobile/AndroidManifest.xml:15:9-35
20        android:appComponentFactory="android.support.v4.app.CoreComponentFactory"
20-->[com.android.support:support-compat:28.0.0] AndroidManifest.xml:22:18-91
21        android:debuggable="true"
21-->android/tfmobile/AndroidManifest.xml:16:9-34
22        android:icon="@drawable/ic_launcher"
22-->android/tfmobile/AndroidManifest.xml:17:9-45
23        android:label="@string/app_name"
23-->android/tfmobile/AndroidManifest.xml:18:9-41
24        android:testOnly="true"
25        android:theme="@style/Theme.AppCompat.Light" >
25-->android/tfmobile/AndroidManifest.xml:19:9-53
26        <activity
26-->android/tfmobile/AndroidManifest.xml:22:9-30:20
27            android:name="org.tensorflow.demo.MainActivity"
27-->android/tfmobile/AndroidManifest.xml:22:19-47
28            android:label="@string/app_name" >
28-->android/tfmobile/AndroidManifest.xml:23:13-45
29            <intent-filter>
29-->android/tfmobile/AndroidManifest.xml:24:13-28:29
30                <action android:name="android.intent.action.MAIN" />
30-->android/tfmobile/AndroidManifest.xml:25:17-69
30-->android/tfmobile/AndroidManifest.xml:25:25-66
31
32                <category android:name="android.intent.category.LAUNCHER" />
32-->android/tfmobile/AndroidManifest.xml:26:17-77
32-->android/tfmobile/AndroidManifest.xml:26:27-74
33                <category android:name="android.intent.category.DEFAULT" />
33-->android/tfmobile/AndroidManifest.xml:27:17-75
33-->android/tfmobile/AndroidManifest.xml:27:27-73
34            </intent-filter>
35        </activity>
36        <activity
36-->android/tfmobile/AndroidManifest.xml:31:9-36:20
37            android:name="org.tensorflow.demo.ClassifierActivity"
37-->android/tfmobile/AndroidManifest.xml:32:13-47
38            android:label="@string/activity_name_classification"
38-->android/tfmobile/AndroidManifest.xml:33:13-65
39            android:screenOrientation="portrait" >
39-->android/tfmobile/AndroidManifest.xml:34:13-49
40        </activity>
41    </application>
42
43</manifest>